photon
Wed May 29 12:31:14 AM JST 2024
Loading tbb version 2021.8.0

Loading compiler/2024.0.2
  Loading requirement: tbb/2021.8.0 compiler-rt/latest oclfpga/latest

Loading modulefiles version 2021.11
size = 7000
size = 7000
size = 7000
size = 7000
[0] MPI startup(): Intel(R) MPI Library, Version 2021.11  Build 20231005 (id: 74c4a23)
[0] MPI startup(): Copyright (C) 2003-2023 Intel Corporation.  All rights reserved.
[0] MPI startup(): library kind: release
[0] MPI startup(): libfabric version: 1.18.1-impi
[0] MPI startup(): libfabric provider: tcp
[0] MPI startup(): File "" not found
[0] MPI startup(): Load tuning file: "/home/share/intel/oneapi/mpi/2021.11/opt/mpi/etc/tuning_generic_shm-ofi.dat"
[0] MPI startup(): ===== Nic pinning on photon =====
[0] MPI startup(): Rank	Pin nic
[0] MPI startup(): 0	enp3s0
[0] MPI startup(): 1	enp3s0
[0] MPI startup(): 2	enp3s0
[0] MPI startup(): 3	enp3s0
[0] MPI startup(): 4	a
[0] MPI startup(): Rank    Pid      Node name  Pin cpu
[0] MPI startup(): 0       422012   photon     {0,1,2,3,4,5,6,7,12,13,14,15,16,17,18,19}
[0] MPI startup(): 1       422013   photon     {0,1,2,3,4,5,6,7,12,13,14,15,16,17,18,19}
[0] MPI startup(): 2       422014   photon     {0,1,2,3,4,5,6,7,12,13,14,15,16,17,18,19}
[0] MPI startup(): 3       422015   photon     {0,1,2,3,4,5,6,7,12,13,14,15,16,17,18,19}
[0] MPI startup(): I_MPI_ROOT=/home/share/intel/oneapi/mpi/2021.11
[0] MPI startup(): I_MPI_BIND_WIN_ALLOCATE=localalloc
[0] MPI startup(): I_MPI_HYDRA_TOPOLIB=hwloc
[0] MPI startup(): I_MPI_HYDRA_BOOTSTRAP=ssh
[0] MPI startup(): I_MPI_RETURN_WIN_MEM_NUMA=-1
[0] MPI startup(): I_MPI_PIN_DOMAIN=16
[0] MPI startup(): I_MPI_INTERNAL_MEM_POLICY=default
[0] MPI startup(): I_MPI_DEBUG=5
Size of matrix = 7000, time = 160.412953

Size of matrix = 7000, time = 160.409134

Size of matrix = 7000, time = 164.172367

Size of matrix = 7000, time = 164.045747

114308834500.00 114284338000.00 114259841500.00 114235345000.00 114210848500.00 114186352000.00 114161855500.00 114137359000.00 114112862500.00 114088366000.00 
114333331000.00 114308827500.00 114284324000.00 114259820500.00 114235317000.00 114210813500.00 114186310000.00 114161806500.00 114137303000.00 114112799500.00 
114357827500.00 114333317000.00 114308806500.00 114284296000.00 114259785500.00 114235275000.00 114210764500.00 114186254000.00 114161743500.00 114137233000.00 
114382324000.00 114357806500.00 114333289000.00 114308771500.00 114284254000.00 114259736500.00 114235219000.00 114210701500.00 114186184000.00 114161666500.00 
114406820500.00 114382296000.00 114357771500.00 114333247000.00 114308722500.00 114284198000.00 114259673500.00 114235149000.00 114210624500.00 114186100000.00 
114431317000.00 114406785500.00 114382254000.00 114357722500.00 114333191000.00 114308659500.00 114284128000.00 114259596500.00 114235065000.00 114210533500.00 
114455813500.00 114431275000.00 114406736500.00 114382198000.00 114357659500.00 114333121000.00 114308582500.00 114284044000.00 114259505500.00 114234967000.00 
114480310000.00 114455764500.00 114431219000.00 114406673500.00 114382128000.00 114357582500.00 114333037000.00 114308491500.00 114283946000.00 114259400500.00 
114504806500.00 114480254000.00 114455701500.00 114431149000.00 114406596500.00 114382044000.00 114357491500.00 114332939000.00 114308386500.00 114283834000.00 
114529303000.00 114504743500.00 114480184000.00 114455624500.00 114431065000.00 114406505500.00 114381946000.00 114357386500.00 114332827000.00 114308267500.00 
