+ hostname
fire.lab.exth.net
+ module load nvhpc/23.3
+ _module_raw load nvhpc/23.3
++ /usr/bin/tclsh8.6 /usr/lib/x86_64-linux-gnu/modulecmd.tcl bash load nvhpc/23.3
+ eval
+ _mlstatus=0
+ return 0
+ n=1000
+ ./matmul_acc.elf 1000
size = 1000
332833536.000000 332334016.000000 331834496.000000 331335008.000000 330835488.000000 330336000.000000 329836480.000000 329336992.000000 328837504.000000 328337984.000000 
333332992.000000 332832512.000000 332332032.000000 331831488.000000 331331008.000000 330830496.000000 330329984.000000 329829504.000000 329328992.000000 328828480.000000 
333832512.000000 333331008.000000 332829504.000000 332328000.000000 331826496.000000 331324992.000000 330823520.000000 330321984.000000 329820480.000000 329319008.000000 
334332032.000000 333829504.000000 333327008.000000 332824512.000000 332321984.000000 331819520.000000 331316992.000000 330814496.000000 330312000.000000 329809472.000000 
334831488.000000 334328000.000000 333824512.000000 333320992.000000 332817536.000000 332313984.000000 331810496.000000 331307008.000000 330803488.000000 330300000.000000 
335331008.000000 334826496.000000 334321984.000000 333817536.000000 333312992.000000 332808512.000000 332304000.000000 331799488.000000 331295008.000000 330790496.000000 
335830496.000000 335324992.000000 334819520.000000 334313984.000000 333808512.000000 333303008.000000 332797504.000000 332292032.000000 331786496.000000 331280992.000000 
336329984.000000 335823520.000000 335316992.000000 334810496.000000 334304000.000000 333797504.000000 333291008.000000 332784512.000000 332278016.000000 331771520.000000 
336829504.000000 336321984.000000 335814496.000000 335307008.000000 334799488.000000 334292032.000000 333784512.000000 333276992.000000 332769536.000000 332262016.000000 
337328992.000000 336820480.000000 336312000.000000 335803488.000000 335295008.000000 334786496.000000 334278016.000000 333769536.000000 333260992.000000 332752512.000000 
size = 1000, time :1.892250 second
+ date
Wed May 29 12:59:33 AM JST 2024
