27 [140067549407104] INFO perfrun.launcher <> - Launcher main begin
76 [140067549407104] INFO perfrun.launcher <> - MessageCatalogInit finished
76 [140067549407104] INFO perfrun.launcher <> - Launcher instance created
76 [140067549407104] INFO perfrun.launcher <> - argc = 7; cmdline = /home/share/intel/oneapi/vtune/2024.0/bin64/amplxe-runss --ui-output-format xml --ui-output-fd 5 --option-file /home/xiao/hpc test/matmul_practice/performance_compare/result_5421_/config/runss.options 
120 [140067549407104] INFO perfrun.launcher <> - create msngr2::ICliToolContext
121 [140067549407104] INFO perfrun.launcher <> - create file finder object
121 [140067549407104] INFO perfrun.launcher <> - create a result directory: pattern = /home/xiao/hpc test/matmul_practice/performance_compare/result_5421_ pid = 4294967295
126 [140067549407104] INFO perfrun.sdk <> - checked that the directory /home/xiao/hpc test/matmul_practice/performance_compare/result_5421_ is a local directory
126 [140067549407104] INFO perfrun.sdk <> - the directory /home/xiao/hpc test/matmul_practice/performance_compare/result_5421_ is located on a share or its FS ID is unknown 26985
126 [140067549407104] INFO perfrun.sdk <> - checked that the directory /tmp/amplxe-tmp-xiao is a local directory
126 [140067549407104] INFO perfrun.sdk <> - the directory /tmp/amplxe-tmp-xiao is a local directory with FS type ID 61267
127 [140067549407104] INFO perfrun.launcher <> - Create a local result directory /tmp/amplxe-tmp-xiao/amplxe-res-467269-33487749097144710 due to the user result path /home/xiao/hpc test/matmul_practice/performance_compare/result_5421_ is located on a share
127 [140067549407104] INFO perfrun.launcher <> - create data directory = /tmp/amplxe-tmp-xiao/amplxe-res-467269-33487749097144710/data.0
135 [140067549407104] INFO perfrun.launcher <> - create data directory = /home/xiao/hpc test/matmul_practice/performance_compare/result_5421_/data.0
152 [140067549407104] INFO perfrun.launcher <> - Creating the master collection flag
186 [140067549407104] INFO perfrun.launcher <> - Done creating the master collection flag
204 [140067397953088] INFO perfrun.launcher <> - plugin [remoteplug] was disabled because it doesn't support the given collection type.
204 [140067397953088] INFO perfrun.sdk <> - Allocating TMU :/tmp/amplxe-tmp-xiao/amplxe-res-467269-33487749097144710/data.0/systemcollector-467269-photon.sc
204 [140067397953088] INFO perfrun.system <> - Tpss based collection
204 [140067397953088] INFO perfrun.launcher <> - plugin [ptracecollector] was disabled because it doesn't support the given collection type.
204 [140067397953088] INFO perfrun.launcher <> - plugin [gpu] was disabled because it doesn't support the given collection type.
204 [140067397953088] INFO perfrun.launcher <> - plugin [] was disabled because it doesn't support the given collection type.
204 [140067397953088] INFO perfrun.launcher <> - plugin [] was disabled because it doesn't support the given collection type.
204 [140067397953088] INFO perfrun.launcher <> - plugin [] was disabled because it doesn't support the given collection type.
204 [140067397953088] INFO perfrun.mrte <> - system-wide mode is 0
204 [140067397953088] INFO perfrun.mrte <> - Getting  mrte profiling environment ...
239 [140067397953088] INFO perfrun.mrte <> - INTEL_MRTE_DATA_DIR=/tmp/amplxe-tmp-xiao/amplxe-res-467269-33487749097144710/data.0
239 [140067397953088] INFO perfrun.mrte <> - INTEL_MRTE_HOST_NAME=photon
239 [140067397953088] INFO perfrun.mrte <> - JAVA_TOOL_OPTIONS=-agentlib:amplxe_tpssmrte_javaprof_1.0 -Dsun.boot.library.path=/home/share/intel/oneapi/vtune/2024.0/lib32/runtime:/home/share/intel/oneapi/vtune/2024.0/lib64/runtime
239 [140067397953088] INFO perfrun.mrte <> - LD_LIBRARY_PATH=/home/share/intel/oneapi/vtune/2024.0/lib32/runtime:/home/share/intel/oneapi/vtune/2024.0/lib64/runtime:/home/share/intel/oneapi/mkl/2024.0/lib:/home/share/intel/oneapi/mpi/2021.11/opt/mpi/libfabric/lib:/home/share/intel/oneapi/mpi/2021.11/lib:/home/share/intel/oneapi/compiler/2024.0/opt/oclfpga/host/linux64/lib:/home/share/intel/oneapi/compiler/2024.0/opt/compiler/lib:/home/share/intel/oneapi/compiler/2024.0/lib:/home/share/intel/oneapi/tbb/2021.8.0/lib/intel64/gcc4.8
239 [140067397953088] INFO perfrun.mrte <> - CORECLR_ENABLE_PROFILING=1
239 [140067397953088] INFO perfrun.mrte <> - CORECLR_PROFILER={AA5E4821-E3B1-479c-B7FF-5AD047D22CED}
239 [140067397953088] INFO perfrun.mrte <> - CORECLR_PROFILER_PATH=/home/share/intel/oneapi/vtune/2024.0/lib64/libamplxe_samplingmrte_clrprof_1.0.so
239 [140067397953088] INFO perfrun.mrte <> - INTEL_MRTE_PROFILER_MODE=mixed
239 [140067397953088] INFO perfrun.mrte <> - Data directory: /tmp/amplxe-tmp-xiao/amplxe-res-467269-33487749097144710/data.0
239 [140067397953088] INFO perfrun.mrte <> - Mrte plugin is initialized
239 [140067397953088] INFO perfrun.launcher <> - plugin [emon] was disabled because it doesn't support the given collection type.
239 [140067397953088] INFO perfrun.launcher <> - plugin [cuscol] was disabled because it doesn't support the given collection type.
239 [140067397953088] INFO perfrun.launcher <> - plugin [stdsrc] was disabled because it doesn't support the given collection type.
239 [140067397953088] INFO perfrun.launcher <> - plugin [sep] was disabled because it doesn't support the given collection type.
239 [140067397953088] INFO perfrun.launcher <> - plugin [vtsspp] was disabled because it doesn't support the given collection type.
239 [140067397953088] INFO perfrun.launcher <> - plugin [perf] was disabled because it doesn't support the given collection type.
239 [140067397953088] INFO perfrun.launcher <> - plugin [aoclprofile] was disabled because it doesn't support the given collection type.
239 [140067397953088] INFO perfrun.tpss <> - initialize tpss controller
240 [140067397953088] INFO perfrun.tpss <> - configure collection mode: value = cpu:counters:nostack
240 [140067397953088] INFO perfrun.tpss <> - configure collection mode: value = cpu:stack
240 [140067397953088] INFO perfrun.tpss <> - default obj-size-min=1024
240 [140067397953088] INFO perfrun.tpss <> - default hash-table-size=0
240 [140067397953088] INFO perfrun.launcher <> - plugin [media] was disabled because it doesn't support the given collection type.
240 [140067397953088] INFO perfrun.launcher <> - plugin [] was disabled because it doesn't support the given collection type.
240 [140067397953088] INFO perfrun.launcher <> - plugin [] was disabled because it doesn't support the given collection type.
240 [140067397953088] INFO perfrun.launcher <> - plugin [parallelfs] was disabled because it doesn't support the given collection type.
240 [140067397953088] INFO perfrun.launcher <> - plugin [power] was disabled because it doesn't support the given collection type.
240 [140067397953088] INFO perfrun.launcher <> - plugin [] was disabled because it doesn't support the given collection type.
240 [140067397953088] INFO perfrun.launcher <> - plugin [ipmwatch] was disabled because it doesn't support the given collection type.
240 [140067397953088] INFO perfrun.launcher <> - plugin [os_counters] was disabled because it doesn't support the given collection type.
240 [140067397953088] INFO perfrun.launcher <> - plugin [l0_metrics] was disabled because it doesn't support the given collection type.
240 [140067549407104] INFO perfrun.launcher <> - set environment variable: LD_LIBRARY_PATH = /home/share/intel/oneapi/vtune/2024.0/lib32/runtime:/home/share/intel/oneapi/vtune/2024.0/lib64/runtime:/home/share/intel/oneapi/mkl/2024.0/lib:/home/share/intel/oneapi/mpi/2021.11/opt/mpi/libfabric/lib:/home/share/intel/oneapi/mpi/2021.11/lib:/home/share/intel/oneapi/compiler/2024.0/opt/oclfpga/host/linux64/lib:/home/share/intel/oneapi/compiler/2024.0/opt/compiler/lib:/home/share/intel/oneapi/compiler/2024.0/lib:/home/share/intel/oneapi/tbb/2021.8.0/lib/intel64/gcc4.8
240 [140067549407104] INFO perfrun.launcher <> - set environment variable: INTEL_LIBITTNOTIFY32 = /home/share/intel/oneapi/vtune/2024.0/lib32/runtime/libittnotify_collector.so
240 [140067549407104] INFO perfrun.launcher <> - set environment variable: INTEL_LIBITTNOTIFY64 = /home/share/intel/oneapi/vtune/2024.0/lib64/runtime/libittnotify_collector.so
240 [140067549407104] INFO perfrun.launcher <> - set environment variable: INTEL_ITTNOTIFY_GROUPS = 
240 [140067549407104] INFO perfrun.launcher <> - set environment variable: INTEL_JIT_PROFILER32 = /home/share/intel/oneapi/vtune/2024.0/lib32/runtime/libittnotify_collector.so
240 [140067549407104] INFO perfrun.launcher <> - set environment variable: INTEL_JIT_PROFILER64 = /home/share/intel/oneapi/vtune/2024.0/lib64/runtime/libittnotify_collector.so
240 [140067549407104] INFO perfrun.launcher <> - set environment variable: ENABLE_JITPROFILING = 1
240 [140067549407104] INFO perfrun.launcher <> - set environment variable: CL_CONFIG_USE_VTUNE = True
240 [140067549407104] INFO perfrun.launcher <> - set environment variable: KMP_FORKJOIN_FRAMES = 0
240 [140067549407104] INFO perfrun.launcher <> - set environment variable: KMP_FORKJOIN_FRAMES_MODE = 0
240 [140067549407104] INFO perfrun.launcher <> - set environment variable: INTEL_MRTE_DATA_DIR = /tmp/amplxe-tmp-xiao/amplxe-res-467269-33487749097144710/data.0
240 [140067549407104] INFO perfrun.launcher <> - set environment variable: INTEL_MRTE_HOST_NAME = photon
240 [140067549407104] INFO perfrun.launcher <> - set environment variable: JAVA_TOOL_OPTIONS = -agentlib:amplxe_tpssmrte_javaprof_1.0 -Dsun.boot.library.path=/home/share/intel/oneapi/vtune/2024.0/lib32/runtime:/home/share/intel/oneapi/vtune/2024.0/lib64/runtime
240 [140067549407104] INFO perfrun.launcher <> - set environment variable: LD_LIBRARY_PATH = /home/share/intel/oneapi/vtune/2024.0/lib32/runtime:/home/share/intel/oneapi/vtune/2024.0/lib64/runtime:/home/share/intel/oneapi/mkl/2024.0/lib:/home/share/intel/oneapi/mpi/2021.11/opt/mpi/libfabric/lib:/home/share/intel/oneapi/mpi/2021.11/lib:/home/share/intel/oneapi/compiler/2024.0/opt/oclfpga/host/linux64/lib:/home/share/intel/oneapi/compiler/2024.0/opt/compiler/lib:/home/share/intel/oneapi/compiler/2024.0/lib:/home/share/intel/oneapi/tbb/2021.8.0/lib/intel64/gcc4.8
240 [140067549407104] INFO perfrun.launcher <> - set environment variable: CORECLR_ENABLE_PROFILING = 1
240 [140067549407104] INFO perfrun.launcher <> - set environment variable: CORECLR_PROFILER = {AA5E4821-E3B1-479c-B7FF-5AD047D22CED}
240 [140067549407104] INFO perfrun.launcher <> - set environment variable: CORECLR_PROFILER_PATH = /home/share/intel/oneapi/vtune/2024.0/lib64/libamplxe_samplingmrte_clrprof_1.0.so
240 [140067549407104] INFO perfrun.launcher <> - set environment variable: INTEL_MRTE_PROFILER_MODE = mixed
240 [140067549407104] INFO perfrun.launcher <> - RpcServer: run RPC server to handle requests
260 [140067549407104] INFO perfrun.launcher <> - Launcher: command line to start before modification = ./matmul_omp_mpi.elf 1000
262 [140067549407104] INFO perfrun.launcher <> - Launcher: command line to start after modification = /home/share/intel/oneapi/vtune/2024.0/bin64/pin -error_file /tmp/amplxe-tmp-xiao/amplxe-res-467269-33487749097144710/data.0/pinerr.tpsslog -detach_reattach -follow_execv -tool_load_option deepbind -t64 /home/share/intel/oneapi/vtune/2024.0/lib64/libtpsstool.so -t /home/share/intel/oneapi/vtune/2024.0/lib32/libtpsstool.so -server_name tpss_ipc.467269 -prd_dir /home/share/intel/oneapi/vtune/2024.0 -- ./matmul_omp_mpi.elf 1000
262 [140067549407104] INFO perfrun.launcher <> - ProcessCreator object was created
263 [140067549407104] INFO perfrun.launcher <> - Launcher: the process was started in suspend mode
265 [140067397953088] WARN perfrun.system <> - Could not do anything with /sys/kernel/debug/kvm: boost::filesystem::status: Permission denied: "/sys/kernel/debug/kvm", at file: vcs/perfrun1/plugins/system/src/trace_writer.cpp:787
265 [140067397953088] WARN perfrun.system <> - Folder "/var/run/libvirt/qemu/"doesn't exist, at file: vcs/perfrun1/plugins/system/src/trace_writer.cpp:800
267 [140067397953088] WARN perfrun.sdk <> - Failed to find xl binary on any of the system paths: /bin, /sbin, /usr/bin, /usr/sbin., at file: vcs/perfrun1/sdk/src/utils.cpp:204
267 [140067397953088] WARN perfrun.system <> - Could not start ContainerMapping collector, at file: vcs/perfrun1/plugins/system/src/controller.cpp:448
299 [140067397953088] INFO perfrun.vdso <> - Helper runtool '/home/share/intel/oneapi/vtune/2024.0/bin32/amplxe-runss -dump-vdso -r /tmp/amplxe-tmp-xiao/amplxe-res-467269-33487749097144710 --tmp-dir /tmp/amplxe-tmp-xiao' returned 1
493 [140067397953088] INFO perfrun.vdso <> - Helper runtool '/home/share/intel/oneapi/vtune/2024.0/bin64/amplxe-runss -dump-vdso -r /tmp/amplxe-tmp-xiao/amplxe-res-467269-33487749097144710 --tmp-dir /tmp/amplxe-tmp-xiao' returned 0
493 [140067397953088] INFO perfrun.itt <> - start itt controller for pid #467274
493 [140067397953088] INFO perfrun.tpss <> - start tpss controller for pid #467274
543 [140067549407104] INFO perfrun.launcher <> - Launcher: all plugins were started
544 [140067549407104] INFO perfrun.launcher <> - DirectoryMonitor object was created
544 [140067549407104] INFO perfrun.launcher <> - DirectoryMonitor: a callback was added
544 [140067549407104] INFO perfrun.launcher <> - DirectoryMonitor was started with pingTime = 1000
544 [140067549407104] INFO perfrun.launcher <> - DeadlineTimer is going to be constructed
544 [140067549407104] INFO perfrun.launcher <> - DeadlineTimer: a callback was added
579 [140067549407104] INFO perfrun.launcher <> - Launcher: resume the profiled application and  wait its termination or stop command
1894 [140067549407104] INFO perfrun.launcher <> - Launcher: the profiled application was terminated  with exit code = 0
1906 [140067397953088] INFO perfrun.itt <> - detach itt controller
1906 [140067397953088] INFO perfrun.itt <> - detach itt controller done
1906 [140067397953088] INFO perfrun.tpss <> - stop tpss controller
1907 [140067397953088] INFO perfrun.sdk <> - De-allocating TMU: /tmp/amplxe-tmp-xiao/amplxe-res-467269-33487749097144710/data.0/systemcollector-467269-photon.sc
1907 [140067397953088] INFO perfrun.system <> - closed the system trace file: /tmp/amplxe-tmp-xiao/amplxe-res-467269-33487749097144710/data.0/systemcollector-467269-photon.sc
1907 [140067549407104] INFO perfrun.launcher <> - Launcher: all plugins were stopped.
1907 [140067549407104] INFO perfrun.launcher <> - DeadlineTimer is going to be destroyed
1907 [140067549407104] INFO perfrun.launcher <> - DeadlineTimer was destroyed
1907 [140067549407104] INFO perfrun.launcher <> - DirectoryMonitor object was destroyed
1907 [140067549407104] WARN perfrun.launcher <> - Stop command is ignored because it is received when collection is already stopped, at file: vcs/perfrun1/launcher/src/command_handler.cpp:226
4245 [140067549407104] INFO perfrun.launcher <> - Application exit code: 0
4245 [140067549407104] INFO perfrun.launcher <> - Exit code: 0
