26 [139894657509248] INFO perfrun.launcher <> - Launcher main begin
76 [139894657509248] INFO perfrun.launcher <> - MessageCatalogInit finished
76 [139894657509248] INFO perfrun.launcher <> - Launcher instance created
76 [139894657509248] INFO perfrun.launcher <> - argc = 6; cmdline = /home/share/intel/oneapi/vtune/2024.0/bin64/amplxe-runss -dump-vdso -r /tmp/amplxe-tmp-xiao/amplxe-res-466269-33447348413275815 --tmp-dir /tmp/amplxe-tmp-xiao 
117 [139894657509248] INFO perfrun.launcher <> - create msngr2::ICliToolContext
117 [139894657509248] INFO perfrun.launcher <> - create file finder object
136 [139894508742208] INFO perfrun.launcher <> - plugin [remoteplug] was disabled because it doesn't support the given collection type.
136 [139894508742208] INFO perfrun.launcher <> - plugin [system] was disabled because it doesn't support the given collection type.
136 [139894508742208] INFO perfrun.vdso <> - dumping [vdso] pseudomodule
140 [139894508742208] INFO perfrun.launcher <> - plugin [itt] was disabled because it doesn't support the given collection type.
140 [139894508742208] INFO perfrun.launcher <> - plugin [ptracecollector] was disabled because it doesn't support the given collection type.
140 [139894508742208] INFO perfrun.launcher <> - plugin [gpu] was disabled because it doesn't support the given collection type.
140 [139894508742208] INFO perfrun.launcher <> - plugin [] was disabled because it doesn't support the given collection type.
140 [139894508742208] INFO perfrun.launcher <> - plugin [] was disabled because it doesn't support the given collection type.
140 [139894508742208] INFO perfrun.launcher <> - plugin [] was disabled because it doesn't support the given collection type.
140 [139894508742208] INFO perfrun.launcher <> - plugin [mrte] was disabled because it doesn't support the given collection type.
140 [139894508742208] INFO perfrun.launcher <> - plugin [emon] was disabled because it doesn't support the given collection type.
140 [139894508742208] INFO perfrun.launcher <> - plugin [cuscol] was disabled because it doesn't support the given collection type.
140 [139894508742208] INFO perfrun.launcher <> - plugin [stdsrc] was disabled because it doesn't support the given collection type.
140 [139894508742208] INFO perfrun.launcher <> - plugin [sep] was disabled because it doesn't support the given collection type.
140 [139894508742208] INFO perfrun.launcher <> - plugin [vtsspp] was disabled because it doesn't support the given collection type.
140 [139894508742208] INFO perfrun.launcher <> - plugin [perf] was disabled because it doesn't support the given collection type.
140 [139894508742208] INFO perfrun.launcher <> - plugin [aoclprofile] was disabled because it doesn't support the given collection type.
140 [139894508742208] INFO perfrun.launcher <> - plugin [tpss] was disabled because it doesn't support the given collection type.
140 [139894508742208] INFO perfrun.launcher <> - plugin [media] was disabled because it doesn't support the given collection type.
140 [139894508742208] INFO perfrun.launcher <> - plugin [] was disabled because it doesn't support the given collection type.
140 [139894508742208] INFO perfrun.launcher <> - plugin [] was disabled because it doesn't support the given collection type.
140 [139894508742208] INFO perfrun.launcher <> - plugin [parallelfs] was disabled because it doesn't support the given collection type.
140 [139894508742208] INFO perfrun.launcher <> - plugin [power] was disabled because it doesn't support the given collection type.
140 [139894508742208] INFO perfrun.launcher <> - plugin [] was disabled because it doesn't support the given collection type.
140 [139894508742208] INFO perfrun.launcher <> - plugin [ipmwatch] was disabled because it doesn't support the given collection type.
140 [139894508742208] INFO perfrun.launcher <> - plugin [os_counters] was disabled because it doesn't support the given collection type.
140 [139894508742208] INFO perfrun.launcher <> - plugin [l0_metrics] was disabled because it doesn't support the given collection type.
140 [139894657509248] INFO perfrun.launcher <> - Application exit code: 0
140 [139894657509248] INFO perfrun.launcher <> - Exit code: 0
