50 [140262247061376] INFO perfrun.launcher <> - Launcher main begin
100 [140262247061376] INFO perfrun.launcher <> - MessageCatalogInit finished
100 [140262247061376] INFO perfrun.launcher <> - Launcher instance created
100 [140262247061376] INFO perfrun.launcher <> - argc = 6; cmdline = /home/share/intel/oneapi/vtune/2023.0.0/bin64/amplxe-runss -dump-vdso -r /tmp/amplxe-tmp-xiao/amplxe-res-463554-33285645622186560 --tmp-dir /tmp/amplxe-tmp-xiao 
141 [140262247061376] INFO perfrun.launcher <> - create msngr2::ICliToolContext
141 [140262247061376] INFO perfrun.launcher <> - create file finder object
143 [140262095447616] INFO perfrun.launcher <> - plugin [remoteplug] was disabled because it doesn't support the given collection type.
143 [140262095447616] INFO perfrun.launcher <> - plugin [system] was disabled because it doesn't support the given collection type.
143 [140262095447616] INFO perfrun.vdso <> - dumping [vdso] pseudomodule
152 [140262095447616] INFO perfrun.launcher <> - plugin [itt] was disabled because it doesn't support the given collection type.
152 [140262095447616] INFO perfrun.launcher <> - plugin [ptracecollector] was disabled because it doesn't support the given collection type.
152 [140262095447616] INFO perfrun.launcher <> - plugin [gpu] was disabled because it doesn't support the given collection type.
152 [140262095447616] INFO perfrun.launcher <> - plugin [] was disabled because it doesn't support the given collection type.
152 [140262095447616] INFO perfrun.launcher <> - plugin [] was disabled because it doesn't support the given collection type.
152 [140262095447616] INFO perfrun.launcher <> - plugin [] was disabled because it doesn't support the given collection type.
152 [140262095447616] INFO perfrun.launcher <> - plugin [mrte] was disabled because it doesn't support the given collection type.
152 [140262095447616] INFO perfrun.launcher <> - plugin [emon] was disabled because it doesn't support the given collection type.
152 [140262095447616] INFO perfrun.launcher <> - plugin [cuscol] was disabled because it doesn't support the given collection type.
152 [140262095447616] INFO perfrun.launcher <> - plugin [stdsrc] was disabled because it doesn't support the given collection type.
152 [140262095447616] INFO perfrun.launcher <> - plugin [sep] was disabled because it doesn't support the given collection type.
153 [140262095447616] INFO perfrun.launcher <> - plugin [vtsspp] was disabled because it doesn't support the given collection type.
153 [140262095447616] INFO perfrun.launcher <> - plugin [perf] was disabled because it doesn't support the given collection type.
153 [140262095447616] INFO perfrun.launcher <> - plugin [aoclprofile] was disabled because it doesn't support the given collection type.
153 [140262095447616] INFO perfrun.launcher <> - plugin [tpss] was disabled because it doesn't support the given collection type.
153 [140262095447616] INFO perfrun.launcher <> - plugin [media] was disabled because it doesn't support the given collection type.
153 [140262095447616] INFO perfrun.launcher <> - plugin [] was disabled because it doesn't support the given collection type.
153 [140262095447616] INFO perfrun.launcher <> - plugin [] was disabled because it doesn't support the given collection type.
153 [140262095447616] INFO perfrun.launcher <> - plugin [parallelfs] was disabled because it doesn't support the given collection type.
153 [140262095447616] INFO perfrun.launcher <> - plugin [power] was disabled because it doesn't support the given collection type.
153 [140262095447616] INFO perfrun.launcher <> - plugin [hwloc] was disabled because it doesn't support the given collection type.
153 [140262095447616] INFO perfrun.launcher <> - plugin [ipmwatch] was disabled because it doesn't support the given collection type.
153 [140262095447616] INFO perfrun.launcher <> - plugin [os_counters] was disabled because it doesn't support the given collection type.
153 [140262095447616] INFO perfrun.launcher <> - plugin [l0_metrics] was disabled because it doesn't support the given collection type.
153 [140262247061376] INFO perfrun.launcher <> - Application exit code: 0
153 [140262247061376] INFO perfrun.launcher <> - Exit code: 0
