30 [140060965873536] INFO perfrun.launcher <> - Launcher main begin
79 [140060965873536] INFO perfrun.launcher <> - MessageCatalogInit finished
79 [140060965873536] INFO perfrun.launcher <> - Launcher instance created
79 [140060965873536] INFO perfrun.launcher <> - argc = 7; cmdline = /home/share/intel/oneapi/vtune/2023.0.0/bin64/amplxe-runss --ui-output-format xml --ui-output-fd 5 --option-file /home/xiao/hpc test/matmul_practice/performance_compare/result_sgemm_5387/config/runss.options 
122 [140060965873536] INFO perfrun.launcher <> - create msngr2::ICliToolContext
122 [140060965873536] INFO perfrun.launcher <> - create file finder object
122 [140060965873536] INFO perfrun.launcher <> - create a result directory: pattern = /home/xiao/hpc test/matmul_practice/performance_compare/result_sgemm_5387 pid = 4294967295
143 [140060965873536] INFO perfrun.sdk <> - checked that the directory /home/xiao/hpc test/matmul_practice/performance_compare/result_sgemm_5387 is a local directory
143 [140060965873536] INFO perfrun.sdk <> - the directory /home/xiao/hpc test/matmul_practice/performance_compare/result_sgemm_5387 is located on a share or its FS ID is unknown 26985
143 [140060965873536] INFO perfrun.sdk <> - checked that the directory /tmp/amplxe-tmp-xiao is a local directory
143 [140060965873536] INFO perfrun.sdk <> - the directory /tmp/amplxe-tmp-xiao is a local directory with FS type ID 61267
144 [140060965873536] INFO perfrun.launcher <> - Create a local result directory /tmp/amplxe-tmp-xiao/amplxe-res-463554-33285645622186560 due to the user result path /home/xiao/hpc test/matmul_practice/performance_compare/result_sgemm_5387 is located on a share
144 [140060965873536] INFO perfrun.launcher <> - create data directory = /tmp/amplxe-tmp-xiao/amplxe-res-463554-33285645622186560/data.0
154 [140060965873536] INFO perfrun.launcher <> - create data directory = /home/xiao/hpc test/matmul_practice/performance_compare/result_sgemm_5387/data.0
171 [140060965873536] INFO perfrun.launcher <> - Creating the master collection flag
564 [140060965873536] INFO perfrun.launcher <> - Done creating the master collection flag
584 [140060817090112] INFO perfrun.launcher <> - plugin [remoteplug] was disabled because it doesn't support the given collection type.
584 [140060817090112] INFO perfrun.sdk <> - Allocating TMU :/tmp/amplxe-tmp-xiao/amplxe-res-463554-33285645622186560/data.0/systemcollector-463554-photon.sc
585 [140060817090112] INFO perfrun.system <> - Tpss based collection
586 [140060817090112] INFO perfrun.launcher <> - plugin [ptracecollector] was disabled because it doesn't support the given collection type.
586 [140060817090112] INFO perfrun.launcher <> - plugin [gpu] was disabled because it doesn't support the given collection type.
586 [140060817090112] INFO perfrun.launcher <> - plugin [] was disabled because it doesn't support the given collection type.
586 [140060817090112] INFO perfrun.launcher <> - plugin [] was disabled because it doesn't support the given collection type.
586 [140060817090112] INFO perfrun.launcher <> - plugin [] was disabled because it doesn't support the given collection type.
586 [140060817090112] INFO perfrun.mrte <> - system-wide mode is 0
586 [140060817090112] INFO perfrun.mrte <> - Getting  mrte profiling environment ...
620 [140060817090112] INFO perfrun.mrte <> - INTEL_MRTE_DATA_DIR=/tmp/amplxe-tmp-xiao/amplxe-res-463554-33285645622186560/data.0
620 [140060817090112] INFO perfrun.mrte <> - INTEL_MRTE_HOST_NAME=photon
620 [140060817090112] INFO perfrun.mrte <> - JAVA_TOOL_OPTIONS=-agentlib:amplxe_tpssmrte_javaprof_1.0 -Dsun.boot.library.path=/home/share/intel/oneapi/vtune/2023.0.0/lib32/runtime:/home/share/intel/oneapi/vtune/2023.0.0/lib64/runtime
620 [140060817090112] INFO perfrun.mrte <> - LD_LIBRARY_PATH=/home/share/intel/oneapi/vtune/2023.0.0/lib32/runtime:/home/share/intel/oneapi/vtune/2023.0.0/lib64/runtime:/home/share/intel/oneapi/mpi/2021.11/opt/mpi/libfabric/lib:/home/share/intel/oneapi/mpi/2021.11/lib:/home/share/intel/oneapi/compiler/2024.0/opt/oclfpga/host/linux64/lib:/home/share/intel/oneapi/compiler/2024.0/opt/compiler/lib:/home/share/intel/oneapi/compiler/2024.0/lib:/home/share/intel/oneapi/tbb/2021.8.0/lib/intel64/gcc4.8
620 [140060817090112] INFO perfrun.mrte <> - CORECLR_ENABLE_PROFILING=1
620 [140060817090112] INFO perfrun.mrte <> - CORECLR_PROFILER={AA5E4821-E3B1-479c-B7FF-5AD047D22CED}
620 [140060817090112] INFO perfrun.mrte <> - CORECLR_PROFILER_PATH=/home/share/intel/oneapi/vtune/2023.0.0/lib64/libamplxe_samplingmrte_clrprof_1.0.so
620 [140060817090112] INFO perfrun.mrte <> - INTEL_MRTE_PROFILER_MODE=mixed
620 [140060817090112] INFO perfrun.mrte <> - Data directory: /tmp/amplxe-tmp-xiao/amplxe-res-463554-33285645622186560/data.0
620 [140060817090112] INFO perfrun.mrte <> - Mrte plugin is initialized
620 [140060817090112] INFO perfrun.launcher <> - plugin [emon] was disabled because it doesn't support the given collection type.
620 [140060817090112] INFO perfrun.launcher <> - plugin [cuscol] was disabled because it doesn't support the given collection type.
620 [140060817090112] INFO perfrun.launcher <> - plugin [stdsrc] was disabled because it doesn't support the given collection type.
620 [140060817090112] INFO perfrun.launcher <> - plugin [sep] was disabled because it doesn't support the given collection type.
620 [140060817090112] INFO perfrun.launcher <> - plugin [vtsspp] was disabled because it doesn't support the given collection type.
621 [140060817090112] INFO perfrun.launcher <> - plugin [perf] was disabled because it doesn't support the given collection type.
621 [140060817090112] INFO perfrun.launcher <> - plugin [aoclprofile] was disabled because it doesn't support the given collection type.
621 [140060817090112] INFO perfrun.tpss <> - initialize tpss controller
642 [140060817090112] INFO perfrun.tpss <> - configure collection mode: value = cpu:counters:nostack
642 [140060817090112] INFO perfrun.tpss <> - configure collection mode: value = cpu:stack
642 [140060817090112] INFO perfrun.tpss <> - default obj-size-min=1024
642 [140060817090112] INFO perfrun.tpss <> - default hash-table-size=0
642 [140060817090112] INFO perfrun.launcher <> - plugin [media] was disabled because it doesn't support the given collection type.
642 [140060817090112] INFO perfrun.launcher <> - plugin [] was disabled because it doesn't support the given collection type.
642 [140060817090112] INFO perfrun.launcher <> - plugin [] was disabled because it doesn't support the given collection type.
642 [140060817090112] INFO perfrun.launcher <> - plugin [parallelfs] was disabled because it doesn't support the given collection type.
642 [140060817090112] INFO perfrun.launcher <> - plugin [power] was disabled because it doesn't support the given collection type.
642 [140060817090112] INFO perfrun.launcher <> - plugin [hwloc] was disabled because it doesn't support the given collection type.
642 [140060817090112] INFO perfrun.launcher <> - plugin [ipmwatch] was disabled because it doesn't support the given collection type.
642 [140060817090112] INFO perfrun.launcher <> - plugin [os_counters] was disabled because it doesn't support the given collection type.
642 [140060817090112] INFO perfrun.launcher <> - plugin [l0_metrics] was disabled because it doesn't support the given collection type.
643 [140060965873536] INFO perfrun.launcher <> - set environment variable: LD_LIBRARY_PATH = /home/share/intel/oneapi/vtune/2023.0.0/lib32/runtime:/home/share/intel/oneapi/vtune/2023.0.0/lib64/runtime:/home/share/intel/oneapi/mpi/2021.11/opt/mpi/libfabric/lib:/home/share/intel/oneapi/mpi/2021.11/lib:/home/share/intel/oneapi/compiler/2024.0/opt/oclfpga/host/linux64/lib:/home/share/intel/oneapi/compiler/2024.0/opt/compiler/lib:/home/share/intel/oneapi/compiler/2024.0/lib:/home/share/intel/oneapi/tbb/2021.8.0/lib/intel64/gcc4.8
643 [140060965873536] INFO perfrun.launcher <> - set environment variable: INTEL_LIBITTNOTIFY32 = /home/share/intel/oneapi/vtune/2023.0.0/lib32/runtime/libittnotify_collector.so
643 [140060965873536] INFO perfrun.launcher <> - set environment variable: INTEL_LIBITTNOTIFY64 = /home/share/intel/oneapi/vtune/2023.0.0/lib64/runtime/libittnotify_collector.so
643 [140060965873536] INFO perfrun.launcher <> - set environment variable: INTEL_ITTNOTIFY_GROUPS = 
643 [140060965873536] INFO perfrun.launcher <> - set environment variable: INTEL_JIT_PROFILER32 = /home/share/intel/oneapi/vtune/2023.0.0/lib32/runtime/libittnotify_collector.so
643 [140060965873536] INFO perfrun.launcher <> - set environment variable: INTEL_JIT_PROFILER64 = /home/share/intel/oneapi/vtune/2023.0.0/lib64/runtime/libittnotify_collector.so
643 [140060965873536] INFO perfrun.launcher <> - set environment variable: OMP_TOOL_LIBRARIES = /home/share/intel/oneapi/vtune/2023.0.0/lib32/runtime/libittnotify_collector.so:/home/share/intel/oneapi/vtune/2023.0.0/lib64/runtime/libittnotify_collector.so
643 [140060965873536] INFO perfrun.launcher <> - set environment variable: ENABLE_JITPROFILING = 1
643 [140060965873536] INFO perfrun.launcher <> - set environment variable: CL_CONFIG_USE_VTUNE = True
643 [140060965873536] INFO perfrun.launcher <> - set environment variable: KMP_FORKJOIN_FRAMES = 0
643 [140060965873536] INFO perfrun.launcher <> - set environment variable: KMP_FORKJOIN_FRAMES_MODE = 0
643 [140060965873536] INFO perfrun.launcher <> - set environment variable: OMP_TOOL = disabled
643 [140060965873536] INFO perfrun.launcher <> - set environment variable: INTEL_MRTE_DATA_DIR = /tmp/amplxe-tmp-xiao/amplxe-res-463554-33285645622186560/data.0
643 [140060965873536] INFO perfrun.launcher <> - set environment variable: INTEL_MRTE_HOST_NAME = photon
643 [140060965873536] INFO perfrun.launcher <> - set environment variable: JAVA_TOOL_OPTIONS = -agentlib:amplxe_tpssmrte_javaprof_1.0 -Dsun.boot.library.path=/home/share/intel/oneapi/vtune/2023.0.0/lib32/runtime:/home/share/intel/oneapi/vtune/2023.0.0/lib64/runtime
643 [140060965873536] INFO perfrun.launcher <> - set environment variable: LD_LIBRARY_PATH = /home/share/intel/oneapi/vtune/2023.0.0/lib32/runtime:/home/share/intel/oneapi/vtune/2023.0.0/lib64/runtime:/home/share/intel/oneapi/mpi/2021.11/opt/mpi/libfabric/lib:/home/share/intel/oneapi/mpi/2021.11/lib:/home/share/intel/oneapi/compiler/2024.0/opt/oclfpga/host/linux64/lib:/home/share/intel/oneapi/compiler/2024.0/opt/compiler/lib:/home/share/intel/oneapi/compiler/2024.0/lib:/home/share/intel/oneapi/tbb/2021.8.0/lib/intel64/gcc4.8
643 [140060965873536] INFO perfrun.launcher <> - set environment variable: CORECLR_ENABLE_PROFILING = 1
643 [140060965873536] INFO perfrun.launcher <> - set environment variable: CORECLR_PROFILER = {AA5E4821-E3B1-479c-B7FF-5AD047D22CED}
643 [140060965873536] INFO perfrun.launcher <> - set environment variable: CORECLR_PROFILER_PATH = /home/share/intel/oneapi/vtune/2023.0.0/lib64/libamplxe_samplingmrte_clrprof_1.0.so
643 [140060965873536] INFO perfrun.launcher <> - set environment variable: INTEL_MRTE_PROFILER_MODE = mixed
643 [140060965873536] INFO perfrun.launcher <> - RpcServer: run RPC server to handle requests
753 [140060965873536] INFO perfrun.launcher <> - Launcher: command line to start before modification = ./matmul_omp.elf 3000
755 [140060965873536] INFO perfrun.launcher <> - Launcher: command line to start after modification = /home/share/intel/oneapi/vtune/2023.0.0/bin64/pin -error_file /tmp/amplxe-tmp-xiao/amplxe-res-463554-33285645622186560/data.0/pinerr.tpsslog -detach_reattach -follow_execv -tool_load_option deepbind -t64 /home/share/intel/oneapi/vtune/2023.0.0/lib64/libtpsstool.so -t /home/share/intel/oneapi/vtune/2023.0.0/lib32/libtpsstool.so -server_name tpss_ipc.463554 -prd_dir /home/share/intel/oneapi/vtune/2023.0.0 -- ./matmul_omp.elf 3000
755 [140060965873536] INFO perfrun.launcher <> - ProcessCreator object was created
756 [140060965873536] INFO perfrun.launcher <> - Launcher: the process was started in suspend mode
760 [140060817090112] WARN perfrun.system <> - Could not do anything with /sys/kernel/debug/kvm: boost::filesystem::status: Permission denied: "/sys/kernel/debug/kvm", at file: vcs/perfrun1/plugins/system/src/trace_writer.cpp:787
760 [140060817090112] WARN perfrun.system <> - Folder "/var/run/libvirt/qemu/"doesn't exist, at file: vcs/perfrun1/plugins/system/src/trace_writer.cpp:800
761 [140060817090112] WARN perfrun.sdk <> - Failed to find xl binary on any of the system paths: /bin, /sbin, /usr/bin, /usr/sbin., at file: vcs/perfrun1/sdk/src/utils.cpp:204
761 [140060817090112] WARN perfrun.system <> - Could not start ContainerMapping collector, at file: vcs/perfrun1/plugins/system/src/controller.cpp:448
796 [140060817090112] INFO perfrun.vdso <> - Helper runtool '/home/share/intel/oneapi/vtune/2023.0.0/bin32/amplxe-runss -dump-vdso -r /tmp/amplxe-tmp-xiao/amplxe-res-463554-33285645622186560 --tmp-dir /tmp/amplxe-tmp-xiao' returned 1
1013 [140060817090112] INFO perfrun.vdso <> - Helper runtool '/home/share/intel/oneapi/vtune/2023.0.0/bin64/amplxe-runss -dump-vdso -r /tmp/amplxe-tmp-xiao/amplxe-res-463554-33285645622186560 --tmp-dir /tmp/amplxe-tmp-xiao' returned 0
1013 [140060817090112] INFO perfrun.itt <> - start itt controller for pid #463559
1013 [140060817090112] INFO perfrun.tpss <> - start tpss controller for pid #463559
1063 [140060965873536] INFO perfrun.launcher <> - Launcher: all plugins were started
1063 [140060965873536] INFO perfrun.launcher <> - DirectoryMonitor object was created
1063 [140060965873536] INFO perfrun.launcher <> - DirectoryMonitor: a callback was added
1063 [140060965873536] INFO perfrun.launcher <> - DirectoryMonitor was started with pingTime = 1000
1063 [140060965873536] INFO perfrun.launcher <> - DeadlineTimer is going to be constructed
1063 [140060965873536] INFO perfrun.launcher <> - DeadlineTimer: a callback was added
1099 [140060965873536] INFO perfrun.launcher <> - Launcher: resume the profiled application and  wait its termination or stop command
7578 [140060965873536] INFO perfrun.launcher <> - Launcher: the profiled application was terminated  with exit code = 0
7591 [140060817090112] INFO perfrun.itt <> - detach itt controller
7591 [140060817090112] INFO perfrun.itt <> - detach itt controller done
7591 [140060817090112] INFO perfrun.tpss <> - stop tpss controller
7593 [140060817090112] INFO perfrun.sdk <> - De-allocating TMU: /tmp/amplxe-tmp-xiao/amplxe-res-463554-33285645622186560/data.0/systemcollector-463554-photon.sc
7593 [140060817090112] INFO perfrun.system <> - closed the system trace file: /tmp/amplxe-tmp-xiao/amplxe-res-463554-33285645622186560/data.0/systemcollector-463554-photon.sc
7593 [140060965873536] INFO perfrun.launcher <> - Launcher: all plugins were stopped.
7593 [140060965873536] INFO perfrun.launcher <> - DeadlineTimer is going to be destroyed
7593 [140060965873536] INFO perfrun.launcher <> - DeadlineTimer was destroyed
7593 [140060965873536] INFO perfrun.launcher <> - DirectoryMonitor object was destroyed
7593 [140060965873536] WARN perfrun.launcher <> - Stop command is ignored because it is received when collection is already stopped, at file: vcs/perfrun1/launcher/src/command_handler.cpp:226
9120 [140060965873536] INFO perfrun.launcher <> - Application exit code: 0
9120 [140060965873536] INFO perfrun.launcher <> - Exit code: 0
