27 [140140536399744] INFO perfrun.launcher <> - Launcher main begin
77 [140140536399744] INFO perfrun.launcher <> - MessageCatalogInit finished
77 [140140536399744] INFO perfrun.launcher <> - Launcher instance created
77 [140140536399744] INFO perfrun.launcher <> - argc = 7; cmdline = /home/share/intel/oneapi/vtune/2024.0/bin64/amplxe-runss --ui-output-format xml --ui-output-fd 5 --option-file /home/xiao/hpc test/matmul_practice/performance_compare/result_5410_/config/runss.options 
120 [140140536399744] INFO perfrun.launcher <> - create msngr2::ICliToolContext
120 [140140536399744] INFO perfrun.launcher <> - create file finder object
120 [140140536399744] INFO perfrun.launcher <> - create a result directory: pattern = /home/xiao/hpc test/matmul_practice/performance_compare/result_5410_ pid = 4294967295
125 [140140536399744] INFO perfrun.sdk <> - checked that the directory /home/xiao/hpc test/matmul_practice/performance_compare/result_5410_ is a local directory
125 [140140536399744] INFO perfrun.sdk <> - the directory /home/xiao/hpc test/matmul_practice/performance_compare/result_5410_ is located on a share or its FS ID is unknown 26985
125 [140140536399744] INFO perfrun.sdk <> - checked that the directory /tmp/amplxe-tmp-xiao is a local directory
125 [140140536399744] INFO perfrun.sdk <> - the directory /tmp/amplxe-tmp-xiao is a local directory with FS type ID 61267
125 [140140536399744] INFO perfrun.launcher <> - Create a local result directory /tmp/amplxe-tmp-xiao/amplxe-res-466091-33443744413708582 due to the user result path /home/xiao/hpc test/matmul_practice/performance_compare/result_5410_ is located on a share
125 [140140536399744] INFO perfrun.launcher <> - create data directory = /tmp/amplxe-tmp-xiao/amplxe-res-466091-33443744413708582/data.0
135 [140140536399744] INFO perfrun.launcher <> - create data directory = /home/xiao/hpc test/matmul_practice/performance_compare/result_5410_/data.0
152 [140140536399744] INFO perfrun.launcher <> - Creating the master collection flag
186 [140140536399744] INFO perfrun.launcher <> - Done creating the master collection flag
205 [140140385134144] INFO perfrun.launcher <> - plugin [remoteplug] was disabled because it doesn't support the given collection type.
206 [140140385134144] INFO perfrun.sdk <> - Allocating TMU :/tmp/amplxe-tmp-xiao/amplxe-res-466091-33443744413708582/data.0/systemcollector-466091-photon.sc
206 [140140385134144] INFO perfrun.system <> - Tpss based collection
206 [140140385134144] INFO perfrun.launcher <> - plugin [ptracecollector] was disabled because it doesn't support the given collection type.
206 [140140385134144] INFO perfrun.launcher <> - plugin [gpu] was disabled because it doesn't support the given collection type.
206 [140140385134144] INFO perfrun.launcher <> - plugin [] was disabled because it doesn't support the given collection type.
206 [140140385134144] INFO perfrun.launcher <> - plugin [] was disabled because it doesn't support the given collection type.
206 [140140385134144] INFO perfrun.launcher <> - plugin [] was disabled because it doesn't support the given collection type.
206 [140140385134144] INFO perfrun.mrte <> - system-wide mode is 0
206 [140140385134144] INFO perfrun.mrte <> - Getting  mrte profiling environment ...
238 [140140385134144] INFO perfrun.mrte <> - INTEL_MRTE_DATA_DIR=/tmp/amplxe-tmp-xiao/amplxe-res-466091-33443744413708582/data.0
238 [140140385134144] INFO perfrun.mrte <> - INTEL_MRTE_HOST_NAME=photon
238 [140140385134144] INFO perfrun.mrte <> - JAVA_TOOL_OPTIONS=-agentlib:amplxe_tpssmrte_javaprof_1.0 -Dsun.boot.library.path=/home/share/intel/oneapi/vtune/2024.0/lib32/runtime:/home/share/intel/oneapi/vtune/2024.0/lib64/runtime
238 [140140385134144] INFO perfrun.mrte <> - LD_LIBRARY_PATH=/home/share/intel/oneapi/vtune/2024.0/lib32/runtime:/home/share/intel/oneapi/vtune/2024.0/lib64/runtime:/home/share/intel/oneapi/mpi/2021.11/opt/mpi/libfabric/lib:/home/share/intel/oneapi/mpi/2021.11/lib:/home/share/intel/oneapi/compiler/2024.0/opt/oclfpga/host/linux64/lib:/home/share/intel/oneapi/compiler/2024.0/opt/compiler/lib:/home/share/intel/oneapi/compiler/2024.0/lib:/home/share/intel/oneapi/tbb/2021.8.0/lib/intel64/gcc4.8
238 [140140385134144] INFO perfrun.mrte <> - CORECLR_ENABLE_PROFILING=1
238 [140140385134144] INFO perfrun.mrte <> - CORECLR_PROFILER={AA5E4821-E3B1-479c-B7FF-5AD047D22CED}
238 [140140385134144] INFO perfrun.mrte <> - CORECLR_PROFILER_PATH=/home/share/intel/oneapi/vtune/2024.0/lib64/libamplxe_samplingmrte_clrprof_1.0.so
238 [140140385134144] INFO perfrun.mrte <> - INTEL_MRTE_PROFILER_MODE=mixed
238 [140140385134144] INFO perfrun.mrte <> - Data directory: /tmp/amplxe-tmp-xiao/amplxe-res-466091-33443744413708582/data.0
238 [140140385134144] INFO perfrun.mrte <> - Mrte plugin is initialized
238 [140140385134144] INFO perfrun.launcher <> - plugin [emon] was disabled because it doesn't support the given collection type.
238 [140140385134144] INFO perfrun.launcher <> - plugin [cuscol] was disabled because it doesn't support the given collection type.
238 [140140385134144] INFO perfrun.launcher <> - plugin [stdsrc] was disabled because it doesn't support the given collection type.
238 [140140385134144] INFO perfrun.launcher <> - plugin [sep] was disabled because it doesn't support the given collection type.
238 [140140385134144] INFO perfrun.launcher <> - plugin [vtsspp] was disabled because it doesn't support the given collection type.
238 [140140385134144] INFO perfrun.launcher <> - plugin [perf] was disabled because it doesn't support the given collection type.
238 [140140385134144] INFO perfrun.launcher <> - plugin [aoclprofile] was disabled because it doesn't support the given collection type.
238 [140140385134144] INFO perfrun.tpss <> - initialize tpss controller
238 [140140385134144] INFO perfrun.tpss <> - configure collection mode: value = cpu:counters:nostack
238 [140140385134144] INFO perfrun.tpss <> - configure collection mode: value = cpu:stack
238 [140140385134144] INFO perfrun.tpss <> - default obj-size-min=1024
238 [140140385134144] INFO perfrun.tpss <> - default hash-table-size=0
238 [140140385134144] INFO perfrun.launcher <> - plugin [media] was disabled because it doesn't support the given collection type.
238 [140140385134144] INFO perfrun.launcher <> - plugin [] was disabled because it doesn't support the given collection type.
238 [140140385134144] INFO perfrun.launcher <> - plugin [] was disabled because it doesn't support the given collection type.
238 [140140385134144] INFO perfrun.launcher <> - plugin [parallelfs] was disabled because it doesn't support the given collection type.
238 [140140385134144] INFO perfrun.launcher <> - plugin [power] was disabled because it doesn't support the given collection type.
238 [140140385134144] INFO perfrun.launcher <> - plugin [] was disabled because it doesn't support the given collection type.
238 [140140385134144] INFO perfrun.launcher <> - plugin [ipmwatch] was disabled because it doesn't support the given collection type.
238 [140140385134144] INFO perfrun.launcher <> - plugin [os_counters] was disabled because it doesn't support the given collection type.
238 [140140385134144] INFO perfrun.launcher <> - plugin [l0_metrics] was disabled because it doesn't support the given collection type.
238 [140140536399744] INFO perfrun.launcher <> - set environment variable: LD_LIBRARY_PATH = /home/share/intel/oneapi/vtune/2024.0/lib32/runtime:/home/share/intel/oneapi/vtune/2024.0/lib64/runtime:/home/share/intel/oneapi/mpi/2021.11/opt/mpi/libfabric/lib:/home/share/intel/oneapi/mpi/2021.11/lib:/home/share/intel/oneapi/compiler/2024.0/opt/oclfpga/host/linux64/lib:/home/share/intel/oneapi/compiler/2024.0/opt/compiler/lib:/home/share/intel/oneapi/compiler/2024.0/lib:/home/share/intel/oneapi/tbb/2021.8.0/lib/intel64/gcc4.8
239 [140140536399744] INFO perfrun.launcher <> - set environment variable: INTEL_LIBITTNOTIFY32 = /home/share/intel/oneapi/vtune/2024.0/lib32/runtime/libittnotify_collector.so
239 [140140536399744] INFO perfrun.launcher <> - set environment variable: INTEL_LIBITTNOTIFY64 = /home/share/intel/oneapi/vtune/2024.0/lib64/runtime/libittnotify_collector.so
239 [140140536399744] INFO perfrun.launcher <> - set environment variable: INTEL_ITTNOTIFY_GROUPS = 
239 [140140536399744] INFO perfrun.launcher <> - set environment variable: INTEL_JIT_PROFILER32 = /home/share/intel/oneapi/vtune/2024.0/lib32/runtime/libittnotify_collector.so
239 [140140536399744] INFO perfrun.launcher <> - set environment variable: INTEL_JIT_PROFILER64 = /home/share/intel/oneapi/vtune/2024.0/lib64/runtime/libittnotify_collector.so
239 [140140536399744] INFO perfrun.launcher <> - set environment variable: ENABLE_JITPROFILING = 1
239 [140140536399744] INFO perfrun.launcher <> - set environment variable: CL_CONFIG_USE_VTUNE = True
239 [140140536399744] INFO perfrun.launcher <> - set environment variable: KMP_FORKJOIN_FRAMES = 0
239 [140140536399744] INFO perfrun.launcher <> - set environment variable: KMP_FORKJOIN_FRAMES_MODE = 0
239 [140140536399744] INFO perfrun.launcher <> - set environment variable: INTEL_MRTE_DATA_DIR = /tmp/amplxe-tmp-xiao/amplxe-res-466091-33443744413708582/data.0
239 [140140536399744] INFO perfrun.launcher <> - set environment variable: INTEL_MRTE_HOST_NAME = photon
239 [140140536399744] INFO perfrun.launcher <> - set environment variable: JAVA_TOOL_OPTIONS = -agentlib:amplxe_tpssmrte_javaprof_1.0 -Dsun.boot.library.path=/home/share/intel/oneapi/vtune/2024.0/lib32/runtime:/home/share/intel/oneapi/vtune/2024.0/lib64/runtime
239 [140140536399744] INFO perfrun.launcher <> - set environment variable: LD_LIBRARY_PATH = /home/share/intel/oneapi/vtune/2024.0/lib32/runtime:/home/share/intel/oneapi/vtune/2024.0/lib64/runtime:/home/share/intel/oneapi/mpi/2021.11/opt/mpi/libfabric/lib:/home/share/intel/oneapi/mpi/2021.11/lib:/home/share/intel/oneapi/compiler/2024.0/opt/oclfpga/host/linux64/lib:/home/share/intel/oneapi/compiler/2024.0/opt/compiler/lib:/home/share/intel/oneapi/compiler/2024.0/lib:/home/share/intel/oneapi/tbb/2021.8.0/lib/intel64/gcc4.8
239 [140140536399744] INFO perfrun.launcher <> - set environment variable: CORECLR_ENABLE_PROFILING = 1
239 [140140536399744] INFO perfrun.launcher <> - set environment variable: CORECLR_PROFILER = {AA5E4821-E3B1-479c-B7FF-5AD047D22CED}
239 [140140536399744] INFO perfrun.launcher <> - set environment variable: CORECLR_PROFILER_PATH = /home/share/intel/oneapi/vtune/2024.0/lib64/libamplxe_samplingmrte_clrprof_1.0.so
239 [140140536399744] INFO perfrun.launcher <> - set environment variable: INTEL_MRTE_PROFILER_MODE = mixed
239 [140140536399744] INFO perfrun.launcher <> - RpcServer: run RPC server to handle requests
285 [140140536399744] INFO perfrun.launcher <> - Launcher: command line to start before modification = ./matmul_omp_mpi.elf 1000
287 [140140536399744] INFO perfrun.launcher <> - Launcher: command line to start after modification = /home/share/intel/oneapi/vtune/2024.0/bin64/pin -error_file /tmp/amplxe-tmp-xiao/amplxe-res-466091-33443744413708582/data.0/pinerr.tpsslog -detach_reattach -follow_execv -tool_load_option deepbind -t64 /home/share/intel/oneapi/vtune/2024.0/lib64/libtpsstool.so -t /home/share/intel/oneapi/vtune/2024.0/lib32/libtpsstool.so -server_name tpss_ipc.466091 -prd_dir /home/share/intel/oneapi/vtune/2024.0 -- ./matmul_omp_mpi.elf 1000
287 [140140536399744] INFO perfrun.launcher <> - ProcessCreator object was created
288 [140140536399744] INFO perfrun.launcher <> - Launcher: the process was started in suspend mode
291 [140140385134144] WARN perfrun.system <> - Could not do anything with /sys/kernel/debug/kvm: boost::filesystem::status: Permission denied: "/sys/kernel/debug/kvm", at file: vcs/perfrun1/plugins/system/src/trace_writer.cpp:787
291 [140140385134144] WARN perfrun.system <> - Folder "/var/run/libvirt/qemu/"doesn't exist, at file: vcs/perfrun1/plugins/system/src/trace_writer.cpp:800
293 [140140385134144] WARN perfrun.sdk <> - Failed to find xl binary on any of the system paths: /bin, /sbin, /usr/bin, /usr/sbin., at file: vcs/perfrun1/sdk/src/utils.cpp:204
293 [140140385134144] WARN perfrun.system <> - Could not start ContainerMapping collector, at file: vcs/perfrun1/plugins/system/src/controller.cpp:448
319 [140140385134144] INFO perfrun.vdso <> - Helper runtool '/home/share/intel/oneapi/vtune/2024.0/bin32/amplxe-runss -dump-vdso -r /tmp/amplxe-tmp-xiao/amplxe-res-466091-33443744413708582 --tmp-dir /tmp/amplxe-tmp-xiao' returned 1
510 [140140385134144] INFO perfrun.vdso <> - Helper runtool '/home/share/intel/oneapi/vtune/2024.0/bin64/amplxe-runss -dump-vdso -r /tmp/amplxe-tmp-xiao/amplxe-res-466091-33443744413708582 --tmp-dir /tmp/amplxe-tmp-xiao' returned 0
510 [140140385134144] INFO perfrun.itt <> - start itt controller for pid #466096
511 [140140385134144] INFO perfrun.tpss <> - start tpss controller for pid #466096
561 [140140536399744] INFO perfrun.launcher <> - Launcher: all plugins were started
561 [140140536399744] INFO perfrun.launcher <> - DirectoryMonitor object was created
561 [140140536399744] INFO perfrun.launcher <> - DirectoryMonitor: a callback was added
561 [140140536399744] INFO perfrun.launcher <> - DirectoryMonitor was started with pingTime = 1000
561 [140140536399744] INFO perfrun.launcher <> - DeadlineTimer is going to be constructed
561 [140140536399744] INFO perfrun.launcher <> - DeadlineTimer: a callback was added
596 [140140536399744] INFO perfrun.launcher <> - Launcher: resume the profiled application and  wait its termination or stop command
2712 [140140536399744] INFO perfrun.launcher <> - Launcher: the profiled application was terminated  with exit code = 0
2722 [140140385134144] INFO perfrun.itt <> - detach itt controller
2723 [140140385134144] INFO perfrun.itt <> - detach itt controller done
2723 [140140385134144] INFO perfrun.tpss <> - stop tpss controller
2723 [140140385134144] INFO perfrun.sdk <> - De-allocating TMU: /tmp/amplxe-tmp-xiao/amplxe-res-466091-33443744413708582/data.0/systemcollector-466091-photon.sc
2723 [140140385134144] INFO perfrun.system <> - closed the system trace file: /tmp/amplxe-tmp-xiao/amplxe-res-466091-33443744413708582/data.0/systemcollector-466091-photon.sc
2723 [140140536399744] INFO perfrun.launcher <> - Launcher: all plugins were stopped.
2723 [140140536399744] INFO perfrun.launcher <> - DeadlineTimer is going to be destroyed
2723 [140140536399744] INFO perfrun.launcher <> - DeadlineTimer was destroyed
2723 [140140536399744] INFO perfrun.launcher <> - DirectoryMonitor object was destroyed
2723 [140140536399744] WARN perfrun.launcher <> - Stop command is ignored because it is received when collection is already stopped, at file: vcs/perfrun1/launcher/src/command_handler.cpp:226
4838 [140140536399744] INFO perfrun.launcher <> - Application exit code: 0
4838 [140140536399744] INFO perfrun.launcher <> - Exit code: 0
